lq437
*   332ccdd Merge branches 'testing' and 'whatever'
|\  
| *   7c5de0a Merge branch 'master' into whatever
| |\  
| * | 812798c 5th commit (2nd on whatever)
* | |   b43ef2c Merge branch 'master' into testing
|\ \ \  
| | |/  
| |/|   
| * |   8cae0e7 Merge branches 'testing' and 'whatever'
| |\ \  
| | |/  
| | * 17f5685 3rd commit (1st on whatever).
* | | 4ab155d 4th commit (2nd on testing).
|/ /  
* | d1d0b18 2nd commit (1st on testing).
|/  
* 5bc0517 1st commit (1st on master).
yz4029
*   73cb760 merge 41,42 into 51
|\  
| *   e77707b merge 32,33 into 42
| |\  
| * | 3695256 add 33
* | |   dac2698 merge 31,32 into 41
|\ \ \  
| | |/  
| |/|   
| * |   2599d00 merge 21,22 into 32
| |\ \  
| | |/  
| | * c4cfea5 add 22
* | | 34c0ce5 add 31
|/ /  
* | 5df900c add 21
|/  
* 62cc00f add 11
