yz4029
*   73cb760 merge 41,42 into 51
|\  
| *   e77707b merge 32,33 into 42
| |\  
| * | 3695256 add 33
* | |   dac2698 merge 31,32 into 41
|\ \ \  
| | |/  
| |/|   
| * |   2599d00 merge 21,22 into 32
| |\ \  
| | |/  
| | * c4cfea5 add 22
* | | 34c0ce5 add 31
|/ /  
* | 5df900c add 21
|/  
* 62cc00f add 11
yz4525
*   39bc264 merge3 merges merge2.
|\  
| *   6e55412 test11 merges merge1
| |\  
| * | ff13953 5th commit (1st on test11).
* | |   6254669 merge1 merges test21.
|\ \ \  
| | |/  
| |/|   
| * |   cd926f7 test1 merges test2
| |\ \  
| | |/  
| | * 1742bf3 2nd commit (1st on test1).
* | | bfa7071 7th commit (1st on test21).
|/ /  
* | 2c6d53c 3rd commit (1st on test2).
|/  
* 0a95d01 1st commit (1st on master)
